2022-02-18 11:33:57:3357 [35mhttp[39m: [35mDELETE /user 404 146 - 20.122 ms[39m
[35m[39m
2022-02-18 11:36:02:362 [35mhttp[39m: [35mDELETE /user 404 146 - 22.050 ms[39m
[35m[39m
2022-02-18 11:36:28:3628 [35mhttp[39m: [35mDELETE /users 404 147 - 23.108 ms[39m
[35m[39m
2022-02-18 11:37:45:3745 [31merror[39m: [31mError deleting user 1[39m
2022-02-18 11:37:45:3745 [35mhttp[39m: [35mDELETE /users/1 400 122 - 64.334 ms[39m
[35m[39m
2022-02-18 11:59:22:5922 [31merror[39m: [31mError deleting user 1[39m service:deleteOneResourceById
2022-02-18 11:59:22:5922 [35mhttp[39m: [35mDELETE /users/1 400 122 - 60.355 ms[39m
[35m[39m service:undefined
{"level":"\u001b[31merror\u001b[39m","message":"\u001b[31mError deleting user 1\u001b[39m","service":"deleteOneResourceById","timestamp":"2022-02-18 12:03:52:352"}
{"level":"\u001b[35mhttp\u001b[39m","message":"\u001b[35mDELETE /users/1 400 122 - 67.576 ms\u001b[39m\n\u001b[35m\u001b[39m","timestamp":"2022-02-18 12:03:52:352"}
2022-02-18 12:10:22:1022 [31merror[39m: [31mError deleting user 1[39m service:deleteOneResourceById
2022-02-18 12:10:22:1022 [35mhttp[39m: [35mDELETE /users/1 400 122 - 27.396 ms[39m
[35m[39m service:undefined
2022-02-18 12:10:49:1049 error: Error deleting user 1 service:deleteOneResourceById
2022-02-18 12:10:49:1049 http: DELETE /users/1 400 122 - 30.450 ms
 service:undefined
2022-02-18 12:16:15:1615 [31merror[39m: Error deleting user 1 service:deleteOneResourceById
2022-02-18 12:16:15:1615 [35mhttp[39m: DELETE /users/1 400 122 - 42.499 ms
 service:undefined
2022-02-18 12:17:56:1756 [31merror[39m: [31mError deleting user 1[39m service:deleteOneResourceById
2022-02-18 12:17:56:1756 [35mhttp[39m: [35mDELETE /users/1 400 122 - 35.513 ms[39m
[35m[39m service:undefined
2022-02-18 12:23:58:2358 [31merror[39m: [31mError deleting user 1[39m service:deleteOneResourceById
2022-02-18 12:23:58:2358 [35mhttp[39m: [35mDELETE /users/1 400 122 - 45.878 ms[39m
[35m[39m service:undefined
2022-02-18 12:23:58:2358 [31merror[39m: [31mDELETE /users/1 400 122 - 45.878 ms[39m
[31m[39m service:undefined
2022-02-18 12:27:54:2754 [31merror[39m: [31mError deleting user 1[39m service:deleteOneResourceById
2022-02-18 12:27:54:2754 [35mhttp[39m: [35mDELETE /users/1 400 122 - 27.091 ms[39m
[35m[39m service:undefined
2022-02-18 12:27:54:2754 [31merror[39m: [31mDELETE /users/1 400 122 - 27.091 ms[39m
[31m[39m service:undefined
2022-02-18 12:29:28:2928 [31merror[39m: [31mError deleting user with id 1[39m service:deleteOneResourceById
2022-02-18 12:29:28:2928 [35mhttp[39m: [35mDELETE /users/1 400 122 - 48.817 ms[39m
[35m[39m service:undefined
2022-02-18 12:29:28:2928 [31merror[39m: [31mDELETE /users/1 400 122 - 48.817 ms[39m
[31m[39m service:undefined
2022-02-18 12:30:43:3043 [31merror[39m: [31mError deleting user with id 1[39m service:deleteOneResourceById
2022-02-18 12:30:43:3043 [35mhttp[39m: [35mDELETE /users/1 400 122 - 34.134 ms[39m
[35m[39m service:undefined
2022-02-18 12:32:26:3226 [31merror[39m: [31mError deleting user with id 1[39m  deleteOneResourceById
2022-02-18 12:32:26:3226 [35mhttp[39m: [35mDELETE /users/1 400 122 - 23.875 ms[39m
[35m[39m  undefined
2022-02-18 12:33:34:3334
       [31merror[39m: [31mError deleting user with id 1[39m  
       service: deleteOneResourceById
       trace: Cast to ObjectId failed for value "1" (type string) at path "_id" for model "User"
2022-02-18 12:33:34:3334
       [35mhttp[39m: [35mDELETE /users/1 400 122 - 30.886 ms[39m
[35m[39m  
       service: undefined
       trace: undefined
2022-02-18 13:09:26:926
       [35mhttp[39m: [35mPOST /login 403 72 - 15.602 ms[39m
[35m[39m  
       service: undefined
       trace: undefined
2022-02-18 13:09:38:938
       [35mhttp[39m: [35mPOST /login 500 50 - 37.713 ms[39m
[35m[39m  
       service: undefined
       trace: undefined
2022-02-18 13:10:26:1026
       [35mhttp[39m: [35mPOST /login 500 50 - 10.076 ms[39m
[35m[39m  
       service: undefined
       trace: undefined
2022-02-18 13:10:39:1039
       [35mhttp[39m: [35mPOST /login 500 50 - 5.425 ms[39m
[35m[39m  
       service: undefined
       trace: undefined
2022-02-18 13:10:46:1046
       [35mhttp[39m: [35mPOST /login 500 56 - 16.250 ms[39m
[35m[39m  
       service: undefined
       trace: undefined
2022-02-18 13:11:36:1136
       [35mhttp[39m: [35mPOST /login 500 56 - 33.569 ms[39m
[35m[39m  
       service: undefined
       trace: undefined
2022-02-18 13:11:50:1150
       [35mhttp[39m: [35mPOST /login 500 56 - 20.634 ms[39m
[35m[39m  
       service: undefined
       trace: undefined
2022-02-18 13:12:46:1246
       [35mhttp[39m: [35mPOST /login 500 56 - 34.973 ms[39m
[35m[39m  
       service: undefined
       trace: undefined
2022-02-18 13:13:07:137
       [35mhttp[39m: [35mPOST /login 500 56 - 26.846 ms[39m
[35m[39m  
       service: undefined
       trace: undefined
2022-02-18 13:14:25:1425
       [35mhttp[39m: [35mPOST /login 500 56 - 20.404 ms[39m
[35m[39m  
       service: undefined
       trace: undefined
2022-02-18 13:15:14:1514
       [35mhttp[39m: [35mPOST /login 500 56 - 67.595 ms[39m
[35m[39m  
       service: undefined
       trace: undefined
2022-02-18 13:15:50:1550
       [35mhttp[39m: [35mPOST /login 500 56 - 111.822 ms[39m
[35m[39m  
       service: undefined
       trace: undefined
2022-02-18 13:16:16:1616
       [35mhttp[39m: [35mPOST /login 500 56 - 95.303 ms[39m
[35m[39m  
       service: undefined
       trace: undefined
2022-02-18 13:16:30:1630
       [35mhttp[39m: [35mPOST /login 500 56 - 85.372 ms[39m
[35m[39m  
       service: undefined
       trace: undefined
2022-02-18 13:16:52:1652
       [35mhttp[39m: [35mPOST /login 500 47 - 30.022 ms[39m
[35m[39m  
       service: undefined
       trace: undefined
2022-02-18 13:17:40:1740
       [35mhttp[39m: [35mPOST /login 500 47 - 38.829 ms[39m
[35m[39m  
       service: undefined
       trace: undefined
2022-02-18 13:17:51:1751
       [35mhttp[39m: [35mPOST /login 500 47 - 28.724 ms[39m
[35m[39m  
       service: undefined
       trace: undefined
2022-02-18 13:17:52:1752
       [35mhttp[39m: [35mPOST /login 500 47 - 10.170 ms[39m
[35m[39m  
       service: undefined
       trace: undefined
2022-02-18 13:18:04:184
       [35mhttp[39m: [35mPOST /login 500 47 - 11.252 ms[39m
[35m[39m  
       service: undefined
       trace: undefined
2022-02-18 13:18:17:1817
       [35mhttp[39m: [35mPOST /signup 403 67 - 6.050 ms[39m
[35m[39m  
       service: undefined
       trace: undefined
2022-02-18 13:18:37:1837
       [35mhttp[39m: [35mPOST /signup 200 159 - 94.039 ms[39m
[35m[39m  
       service: undefined
       trace: undefined
2022-02-18 13:18:47:1847
       [35mhttp[39m: [35mPOST /login 200 160 - 75.970 ms[39m
[35m[39m  
       service: undefined
       trace: undefined
2022-02-18 13:21:56:2156
       [35mhttp[39m: [35mPOST /login 200 160 - 104.221 ms[39m
[35m[39m  
       service: undefined
       trace: undefined
2022-02-18 16:33:02:332
       [35mhttp[39m: [35mPOST /projects 201 178 - 157.816 ms[39m
[35m[39m  
       service: undefined
       trace: undefined
2022-02-18 17:04:31:431
       [31merror[39m: [31merror[39m  
       service: undefined
       trace: undefined
2022-02-18 17:04:31:431
       [31merror[39m: [31merror on create project controller[39m  
       service: undefined
       trace: Project validation failed: owner: Cast to ObjectId failed for value "" (type string) at path "owner"
2022-02-18 17:04:31:431
       [35mhttp[39m: [35mPOST /projects 403 128 - 23.276 ms[39m
[35m[39m  
       service: undefined
       trace: undefined
2022-02-18 17:20:30:2030
       [35mhttp[39m: [35mPOST /projects 201 178 - 146.276 ms[39m
[35m[39m  
       service: undefined
       trace: undefined
2022-02-18 17:24:20:2420
       [31merror[39m: [31merror creating a new project[39m  
       service: undefined
       trace: Project validation failed: owner: Cast to ObjectId failed for value "" (type string) at path "owner"
2022-02-18 17:24:20:2420
       [31merror[39m: [31merror on create project controller[39m  
       service: undefined
       trace: error creating a new project
2022-02-18 17:24:20:2420
       [35mhttp[39m: [35mPOST /projects 500 42 - 28.089 ms[39m
[35m[39m  
       service: undefined
       trace: undefined
2022-02-18 17:30:50:3050 

       [31merror[39m: [31merror creating a new project[39m 
  
       instance: user services 

       fn:createNewProjectService 

       trace: Project validation failed: owner: Cast to ObjectId failed for value "" (type string) at path "owner"
2022-02-18 17:30:50:3050 

       [31merror[39m: [31merror on create project controller[39m 
  
       instance: controller 

       fn:createProjectController 

       trace: error creating a new project Project validation failed: owner: Cast to ObjectId failed for value "" (type string) at path "owner"
2022-02-18 17:30:50:3050 

       [35mhttp[39m: [35mPOST /projects 403 147 - 24.699 ms[39m
[35m[39m 
  
       instance: undefined 

       fn:undefined 

       trace: undefined
2022-02-18 17:38:43:3843 
       [31merror[39m: [31merror creating a new project service[39m 
  
       instance: services 

       fn:createNewProjectService 

       trace: Project validation failed: owner: Cast to ObjectId failed for value "" (type string) at path "owner"
2022-02-18 17:38:43:3843 
       [31merror[39m: [31merror on create project controller[39m 
  
       instance: controller 

       fn:createProjectController 

       trace: Error creating a new project Project validation failed: owner: Cast to ObjectId failed for value "" (type string) at path "owner"
2022-02-18 17:38:43:3843 
       [35mhttp[39m: [35mPOST /projects 403 147 - 18.927 ms[39m
[35m[39m 
  
       instance: undefined 

       fn:undefined 

       trace: undefined
2022-02-18 17:38:43:3843 
       [31merror[39m: [31mPOST /projects 403 147 - 18.927 ms[39m
[31m[39m 
  
       instance: undefined 

       fn:undefined 

       trace: undefined
